{"C:\\Users\\mk8pl\\Documents\\GitHub\\volunteering_web_app\\backend\\src\\components\\Models\\EventDetails.js": {"path":"C:\\Users\\mk8pl\\Documents\\GitHub\\volunteering_web_app\\backend\\src\\components\\Models\\EventDetails.js","statementMap":{"0":{"start":{"line":2,"column":17},"end":{"line":2,"column":36}},"1":{"start":{"line":4,"column":27},"end":{"line":34,"column":24}},"2":{"start":{"line":36,"column":0},"end":{"line":36,"column":68}}},"fnMap":{},"branchMap":{},"s":{"0":1,"1":1,"2":1},"f":{},"b":{},"_coverageSchema":"1a1c01bbd47fc00a2c39e90264f33305004495a9","hash":"57be480a115b84748a8be628838aa7cf559417b4"}
,"C:\\Users\\mk8pl\\Documents\\GitHub\\volunteering_web_app\\backend\\src\\components\\Models\\UserCredentials.js": {"path":"C:\\Users\\mk8pl\\Documents\\GitHub\\volunteering_web_app\\backend\\src\\components\\Models\\UserCredentials.js","statementMap":{"0":{"start":{"line":2,"column":17},"end":{"line":2,"column":36}},"1":{"start":{"line":4,"column":30},"end":{"line":17,"column":24}},"2":{"start":{"line":19,"column":0},"end":{"line":19,"column":74}}},"fnMap":{},"branchMap":{},"s":{"0":1,"1":1,"2":1},"f":{},"b":{},"_coverageSchema":"1a1c01bbd47fc00a2c39e90264f33305004495a9","hash":"5d97227b74235f08c612f60985ed33216a5c7d77"}
,"C:\\Users\\mk8pl\\Documents\\GitHub\\volunteering_web_app\\backend\\src\\components\\Models\\UserProfile.js": {"path":"C:\\Users\\mk8pl\\Documents\\GitHub\\volunteering_web_app\\backend\\src\\components\\Models\\UserProfile.js","statementMap":{"0":{"start":{"line":2,"column":17},"end":{"line":2,"column":36}},"1":{"start":{"line":4,"column":26},"end":{"line":63,"column":24}},"2":{"start":{"line":47,"column":8},"end":{"line":47,"column":48}},"3":{"start":{"line":58,"column":8},"end":{"line":58,"column":48}},"4":{"start":{"line":65,"column":0},"end":{"line":65,"column":66}}},"fnMap":{"0":{"name":"(anonymous_0)","decl":{"start":{"line":46,"column":17},"end":{"line":46,"column":18}},"loc":{"start":{"line":46,"column":29},"end":{"line":48,"column":7}},"line":46},"1":{"name":"(anonymous_1)","decl":{"start":{"line":57,"column":17},"end":{"line":57,"column":18}},"loc":{"start":{"line":57,"column":29},"end":{"line":59,"column":7}},"line":57}},"branchMap":{"0":{"loc":{"start":{"line":47,"column":15},"end":{"line":47,"column":47}},"type":"binary-expr","locations":[{"start":{"line":47,"column":15},"end":{"line":47,"column":31}},{"start":{"line":47,"column":35},"end":{"line":47,"column":47}}],"line":47},"1":{"loc":{"start":{"line":58,"column":15},"end":{"line":58,"column":47}},"type":"binary-expr","locations":[{"start":{"line":58,"column":15},"end":{"line":58,"column":31}},{"start":{"line":58,"column":35},"end":{"line":58,"column":47}}],"line":58}},"s":{"0":1,"1":1,"2":16,"3":16,"4":1},"f":{"0":16,"1":16},"b":{"0":[16,16],"1":[16,16]},"_coverageSchema":"1a1c01bbd47fc00a2c39e90264f33305004495a9","hash":"a8dbfe19423c9cb796e55c41227ef011e603d2a3"}
,"C:\\Users\\mk8pl\\Documents\\GitHub\\volunteering_web_app\\backend\\src\\components\\Routes\\Auth.js": {"path":"C:\\Users\\mk8pl\\Documents\\GitHub\\volunteering_web_app\\backend\\src\\components\\Routes\\Auth.js","statementMap":{"0":{"start":{"line":1,"column":16},"end":{"line":1,"column":34}},"1":{"start":{"line":2,"column":15},"end":{"line":2,"column":31}},"2":{"start":{"line":3,"column":15},"end":{"line":3,"column":34}},"3":{"start":{"line":4,"column":24},"end":{"line":4,"column":60}},"4":{"start":{"line":7,"column":0},"end":{"line":21,"column":3}},"5":{"start":{"line":8,"column":36},"end":{"line":8,"column":44}},"6":{"start":{"line":9,"column":2},"end":{"line":9,"column":99}},"7":{"start":{"line":9,"column":27},"end":{"line":9,"column":99}},"8":{"start":{"line":10,"column":2},"end":{"line":10,"column":111}},"9":{"start":{"line":10,"column":27},"end":{"line":10,"column":111}},"10":{"start":{"line":12,"column":2},"end":{"line":20,"column":3}},"11":{"start":{"line":13,"column":19},"end":{"line":13,"column":50}},"12":{"start":{"line":14,"column":20},"end":{"line":14,"column":77}},"13":{"start":{"line":15,"column":4},"end":{"line":15,"column":54}},"14":{"start":{"line":17,"column":4},"end":{"line":17,"column":89}},"15":{"start":{"line":17,"column":28},"end":{"line":17,"column":89}},"16":{"start":{"line":18,"column":4},"end":{"line":18,"column":23}},"17":{"start":{"line":19,"column":4},"end":{"line":19,"column":70}},"18":{"start":{"line":24,"column":0},"end":{"line":41,"column":3}},"19":{"start":{"line":25,"column":30},"end":{"line":25,"column":38}},"20":{"start":{"line":26,"column":2},"end":{"line":26,"column":99}},"21":{"start":{"line":26,"column":27},"end":{"line":26,"column":99}},"22":{"start":{"line":28,"column":2},"end":{"line":40,"column":3}},"23":{"start":{"line":29,"column":17},"end":{"line":29,"column":57}},"24":{"start":{"line":30,"column":4},"end":{"line":32,"column":5}},"25":{"start":{"line":31,"column":6},"end":{"line":31,"column":66}},"26":{"start":{"line":33,"column":4},"end":{"line":36,"column":7}},"27":{"start":{"line":38,"column":4},"end":{"line":38,"column":23}},"28":{"start":{"line":39,"column":4},"end":{"line":39,"column":63}},"29":{"start":{"line":43,"column":0},"end":{"line":43,"column":24}}},"fnMap":{"0":{"name":"(anonymous_0)","decl":{"start":{"line":7,"column":25},"end":{"line":7,"column":26}},"loc":{"start":{"line":7,"column":45},"end":{"line":21,"column":1}},"line":7},"1":{"name":"(anonymous_1)","decl":{"start":{"line":24,"column":22},"end":{"line":24,"column":23}},"loc":{"start":{"line":24,"column":42},"end":{"line":41,"column":1}},"line":24}},"branchMap":{"0":{"loc":{"start":{"line":9,"column":2},"end":{"line":9,"column":99}},"type":"if","locations":[{"start":{"line":9,"column":2},"end":{"line":9,"column":99}},{"start":{},"end":{}}],"line":9},"1":{"loc":{"start":{"line":9,"column":6},"end":{"line":9,"column":25}},"type":"binary-expr","locations":[{"start":{"line":9,"column":6},"end":{"line":9,"column":12}},{"start":{"line":9,"column":16},"end":{"line":9,"column":25}}],"line":9},"2":{"loc":{"start":{"line":10,"column":2},"end":{"line":10,"column":111}},"type":"if","locations":[{"start":{"line":10,"column":2},"end":{"line":10,"column":111}},{"start":{},"end":{}}],"line":10},"3":{"loc":{"start":{"line":17,"column":4},"end":{"line":17,"column":89}},"type":"if","locations":[{"start":{"line":17,"column":4},"end":{"line":17,"column":89}},{"start":{},"end":{}}],"line":17},"4":{"loc":{"start":{"line":26,"column":2},"end":{"line":26,"column":99}},"type":"if","locations":[{"start":{"line":26,"column":2},"end":{"line":26,"column":99}},{"start":{},"end":{}}],"line":26},"5":{"loc":{"start":{"line":26,"column":6},"end":{"line":26,"column":25}},"type":"binary-expr","locations":[{"start":{"line":26,"column":6},"end":{"line":26,"column":12}},{"start":{"line":26,"column":16},"end":{"line":26,"column":25}}],"line":26},"6":{"loc":{"start":{"line":30,"column":4},"end":{"line":32,"column":5}},"type":"if","locations":[{"start":{"line":30,"column":4},"end":{"line":32,"column":5}},{"start":{},"end":{}}],"line":30},"7":{"loc":{"start":{"line":30,"column":8},"end":{"line":30,"column":65}},"type":"binary-expr","locations":[{"start":{"line":30,"column":8},"end":{"line":30,"column":13}},{"start":{"line":30,"column":17},"end":{"line":30,"column":65}}],"line":30}},"s":{"0":1,"1":1,"2":1,"3":1,"4":1,"5":9,"6":9,"7":2,"8":7,"9":1,"10":6,"11":6,"12":6,"13":5,"14":1,"15":1,"16":0,"17":0,"18":1,"19":3,"20":3,"21":1,"22":2,"23":2,"24":2,"25":1,"26":1,"27":0,"28":0,"29":1},"f":{"0":9,"1":3},"b":{"0":[2,7],"1":[9,8],"2":[1,6],"3":[1,0],"4":[1,2],"5":[3,3],"6":[1,1],"7":[2,2]},"_coverageSchema":"1a1c01bbd47fc00a2c39e90264f33305004495a9","hash":"43e3e6926d0621359b81677f2f5a88bce7763152"}
,"C:\\Users\\mk8pl\\Documents\\GitHub\\volunteering_web_app\\backend\\src\\components\\Routes\\Event.js": {"path":"C:\\Users\\mk8pl\\Documents\\GitHub\\volunteering_web_app\\backend\\src\\components\\Routes\\Event.js","statementMap":{"0":{"start":{"line":1,"column":16},"end":{"line":1,"column":34}},"1":{"start":{"line":2,"column":15},"end":{"line":2,"column":31}},"2":{"start":{"line":3,"column":21},"end":{"line":3,"column":54}},"3":{"start":{"line":6,"column":26},"end":{"line":25,"column":1}},"4":{"start":{"line":7,"column":2},"end":{"line":9,"column":3}},"5":{"start":{"line":8,"column":4},"end":{"line":8,"column":64}},"6":{"start":{"line":10,"column":2},"end":{"line":19,"column":3}},"7":{"start":{"line":18,"column":4},"end":{"line":18,"column":59}},"8":{"start":{"line":21,"column":2},"end":{"line":23,"column":3}},"9":{"start":{"line":22,"column":4},"end":{"line":22,"column":59}},"10":{"start":{"line":24,"column":2},"end":{"line":24,"column":27}},"11":{"start":{"line":28,"column":0},"end":{"line":50,"column":3}},"12":{"start":{"line":29,"column":88},"end":{"line":29,"column":96}},"13":{"start":{"line":30,"column":21},"end":{"line":30,"column":113}},"14":{"start":{"line":31,"column":2},"end":{"line":33,"column":3}},"15":{"start":{"line":32,"column":4},"end":{"line":32,"column":61}},"16":{"start":{"line":35,"column":2},"end":{"line":49,"column":3}},"17":{"start":{"line":36,"column":21},"end":{"line":43,"column":6}},"18":{"start":{"line":44,"column":4},"end":{"line":44,"column":26}},"19":{"start":{"line":45,"column":4},"end":{"line":45,"column":68}},"20":{"start":{"line":47,"column":4},"end":{"line":47,"column":48}},"21":{"start":{"line":48,"column":4},"end":{"line":48,"column":73}},"22":{"start":{"line":53,"column":0},"end":{"line":61,"column":3}},"23":{"start":{"line":54,"column":2},"end":{"line":60,"column":3}},"24":{"start":{"line":55,"column":19},"end":{"line":55,"column":44}},"25":{"start":{"line":56,"column":4},"end":{"line":56,"column":25}},"26":{"start":{"line":58,"column":4},"end":{"line":58,"column":23}},"27":{"start":{"line":59,"column":4},"end":{"line":59,"column":76}},"28":{"start":{"line":64,"column":0},"end":{"line":80,"column":3}},"29":{"start":{"line":65,"column":18},"end":{"line":65,"column":31}},"30":{"start":{"line":66,"column":2},"end":{"line":79,"column":3}},"31":{"start":{"line":67,"column":18},"end":{"line":67,"column":54}},"32":{"start":{"line":68,"column":4},"end":{"line":70,"column":5}},"33":{"start":{"line":69,"column":6},"end":{"line":69,"column":64}},"34":{"start":{"line":71,"column":4},"end":{"line":71,"column":24}},"35":{"start":{"line":74,"column":4},"end":{"line":76,"column":5}},"36":{"start":{"line":75,"column":6},"end":{"line":75,"column":64}},"37":{"start":{"line":77,"column":4},"end":{"line":77,"column":23}},"38":{"start":{"line":78,"column":4},"end":{"line":78,"column":75}},"39":{"start":{"line":83,"column":0},"end":{"line":108,"column":3}},"40":{"start":{"line":84,"column":18},"end":{"line":84,"column":31}},"41":{"start":{"line":85,"column":88},"end":{"line":85,"column":96}},"42":{"start":{"line":86,"column":21},"end":{"line":86,"column":113}},"43":{"start":{"line":87,"column":2},"end":{"line":89,"column":3}},"44":{"start":{"line":88,"column":4},"end":{"line":88,"column":61}},"45":{"start":{"line":91,"column":2},"end":{"line":107,"column":3}},"46":{"start":{"line":92,"column":18},"end":{"line":96,"column":5}},"47":{"start":{"line":97,"column":4},"end":{"line":99,"column":5}},"48":{"start":{"line":98,"column":6},"end":{"line":98,"column":64}},"49":{"start":{"line":100,"column":4},"end":{"line":100,"column":46}},"50":{"start":{"line":102,"column":4},"end":{"line":104,"column":5}},"51":{"start":{"line":103,"column":6},"end":{"line":103,"column":64}},"52":{"start":{"line":105,"column":4},"end":{"line":105,"column":23}},"53":{"start":{"line":106,"column":4},"end":{"line":106,"column":73}},"54":{"start":{"line":111,"column":0},"end":{"line":126,"column":3}},"55":{"start":{"line":112,"column":18},"end":{"line":112,"column":31}},"56":{"start":{"line":113,"column":2},"end":{"line":125,"column":3}},"57":{"start":{"line":114,"column":18},"end":{"line":114,"column":63}},"58":{"start":{"line":115,"column":4},"end":{"line":117,"column":5}},"59":{"start":{"line":116,"column":6},"end":{"line":116,"column":64}},"60":{"start":{"line":118,"column":4},"end":{"line":118,"column":39}},"61":{"start":{"line":120,"column":4},"end":{"line":122,"column":5}},"62":{"start":{"line":121,"column":6},"end":{"line":121,"column":64}},"63":{"start":{"line":123,"column":4},"end":{"line":123,"column":23}},"64":{"start":{"line":124,"column":4},"end":{"line":124,"column":73}},"65":{"start":{"line":128,"column":0},"end":{"line":128,"column":24}}},"fnMap":{"0":{"name":"(anonymous_0)","decl":{"start":{"line":6,"column":26},"end":{"line":6,"column":27}},"loc":{"start":{"line":6,"column":105},"end":{"line":25,"column":1}},"line":6},"1":{"name":"(anonymous_1)","decl":{"start":{"line":28,"column":17},"end":{"line":28,"column":18}},"loc":{"start":{"line":28,"column":37},"end":{"line":50,"column":1}},"line":28},"2":{"name":"(anonymous_2)","decl":{"start":{"line":53,"column":16},"end":{"line":53,"column":17}},"loc":{"start":{"line":53,"column":36},"end":{"line":61,"column":1}},"line":53},"3":{"name":"(anonymous_3)","decl":{"start":{"line":64,"column":19},"end":{"line":64,"column":20}},"loc":{"start":{"line":64,"column":39},"end":{"line":80,"column":1}},"line":64},"4":{"name":"(anonymous_4)","decl":{"start":{"line":83,"column":19},"end":{"line":83,"column":20}},"loc":{"start":{"line":83,"column":39},"end":{"line":108,"column":1}},"line":83},"5":{"name":"(anonymous_5)","decl":{"start":{"line":111,"column":22},"end":{"line":111,"column":23}},"loc":{"start":{"line":111,"column":42},"end":{"line":126,"column":1}},"line":111}},"branchMap":{"0":{"loc":{"start":{"line":7,"column":2},"end":{"line":9,"column":3}},"type":"if","locations":[{"start":{"line":7,"column":2},"end":{"line":9,"column":3}},{"start":{},"end":{}}],"line":7},"1":{"loc":{"start":{"line":7,"column":6},"end":{"line":7,"column":95}},"type":"binary-expr","locations":[{"start":{"line":7,"column":6},"end":{"line":7,"column":16}},{"start":{"line":7,"column":20},"end":{"line":7,"column":37}},{"start":{"line":7,"column":41},"end":{"line":7,"column":50}},{"start":{"line":7,"column":54},"end":{"line":7,"column":69}},{"start":{"line":7,"column":73},"end":{"line":7,"column":81}},{"start":{"line":7,"column":85},"end":{"line":7,"column":95}}],"line":7},"2":{"loc":{"start":{"line":10,"column":2},"end":{"line":19,"column":3}},"type":"if","locations":[{"start":{"line":10,"column":2},"end":{"line":19,"column":3}},{"start":{},"end":{}}],"line":10},"3":{"loc":{"start":{"line":11,"column":4},"end":{"line":16,"column":33}},"type":"binary-expr","locations":[{"start":{"line":11,"column":4},"end":{"line":11,"column":33}},{"start":{"line":12,"column":4},"end":{"line":12,"column":40}},{"start":{"line":13,"column":4},"end":{"line":13,"column":32}},{"start":{"line":14,"column":4},"end":{"line":14,"column":34}},{"start":{"line":15,"column":4},"end":{"line":15,"column":31}},{"start":{"line":16,"column":4},"end":{"line":16,"column":33}}],"line":11},"4":{"loc":{"start":{"line":21,"column":2},"end":{"line":23,"column":3}},"type":"if","locations":[{"start":{"line":21,"column":2},"end":{"line":23,"column":3}},{"start":{},"end":{}}],"line":21},"5":{"loc":{"start":{"line":31,"column":2},"end":{"line":33,"column":3}},"type":"if","locations":[{"start":{"line":31,"column":2},"end":{"line":33,"column":3}},{"start":{},"end":{}}],"line":31},"6":{"loc":{"start":{"line":68,"column":4},"end":{"line":70,"column":5}},"type":"if","locations":[{"start":{"line":68,"column":4},"end":{"line":70,"column":5}},{"start":{},"end":{}}],"line":68},"7":{"loc":{"start":{"line":74,"column":4},"end":{"line":76,"column":5}},"type":"if","locations":[{"start":{"line":74,"column":4},"end":{"line":76,"column":5}},{"start":{},"end":{}}],"line":74},"8":{"loc":{"start":{"line":74,"column":8},"end":{"line":74,"column":59}},"type":"binary-expr","locations":[{"start":{"line":74,"column":8},"end":{"line":74,"column":32}},{"start":{"line":74,"column":36},"end":{"line":74,"column":59}}],"line":74},"9":{"loc":{"start":{"line":87,"column":2},"end":{"line":89,"column":3}},"type":"if","locations":[{"start":{"line":87,"column":2},"end":{"line":89,"column":3}},{"start":{},"end":{}}],"line":87},"10":{"loc":{"start":{"line":97,"column":4},"end":{"line":99,"column":5}},"type":"if","locations":[{"start":{"line":97,"column":4},"end":{"line":99,"column":5}},{"start":{},"end":{}}],"line":97},"11":{"loc":{"start":{"line":102,"column":4},"end":{"line":104,"column":5}},"type":"if","locations":[{"start":{"line":102,"column":4},"end":{"line":104,"column":5}},{"start":{},"end":{}}],"line":102},"12":{"loc":{"start":{"line":102,"column":8},"end":{"line":102,"column":59}},"type":"binary-expr","locations":[{"start":{"line":102,"column":8},"end":{"line":102,"column":32}},{"start":{"line":102,"column":36},"end":{"line":102,"column":59}}],"line":102},"13":{"loc":{"start":{"line":115,"column":4},"end":{"line":117,"column":5}},"type":"if","locations":[{"start":{"line":115,"column":4},"end":{"line":117,"column":5}},{"start":{},"end":{}}],"line":115},"14":{"loc":{"start":{"line":120,"column":4},"end":{"line":122,"column":5}},"type":"if","locations":[{"start":{"line":120,"column":4},"end":{"line":122,"column":5}},{"start":{},"end":{}}],"line":120},"15":{"loc":{"start":{"line":120,"column":8},"end":{"line":120,"column":59}},"type":"binary-expr","locations":[{"start":{"line":120,"column":8},"end":{"line":120,"column":32}},{"start":{"line":120,"column":36},"end":{"line":120,"column":59}}],"line":120}},"s":{"0":1,"1":1,"2":1,"3":1,"4":14,"5":0,"6":14,"7":1,"8":13,"9":1,"10":12,"11":1,"12":10,"13":10,"14":10,"15":1,"16":9,"17":9,"18":9,"19":8,"20":1,"21":1,"22":1,"23":3,"24":3,"25":2,"26":1,"27":1,"28":1,"29":4,"30":4,"31":4,"32":2,"33":1,"34":1,"35":2,"36":1,"37":1,"38":1,"39":1,"40":4,"41":4,"42":4,"43":4,"44":1,"45":3,"46":3,"47":2,"48":1,"49":1,"50":1,"51":0,"52":1,"53":1,"54":1,"55":3,"56":3,"57":3,"58":2,"59":1,"60":1,"61":1,"62":0,"63":1,"64":1,"65":1},"f":{"0":14,"1":10,"2":3,"3":4,"4":4,"5":3},"b":{"0":[0,14],"1":[14,14,14,14,14,14],"2":[1,13],"3":[14,14,14,14,13,13],"4":[1,12],"5":[1,9],"6":[1,1],"7":[1,1],"8":[2,1],"9":[1,3],"10":[1,1],"11":[0,1],"12":[1,0],"13":[1,1],"14":[0,1],"15":[1,0]},"_coverageSchema":"1a1c01bbd47fc00a2c39e90264f33305004495a9","hash":"16e76dc2859ca98ec09bcf0d4da7866da06a90b0"}
,"C:\\Users\\mk8pl\\Documents\\GitHub\\volunteering_web_app\\backend\\src\\components\\Routes\\Notifications.js": {"path":"C:\\Users\\mk8pl\\Documents\\GitHub\\volunteering_web_app\\backend\\src\\components\\Routes\\Notifications.js","statementMap":{"0":{"start":{"line":1,"column":16},"end":{"line":1,"column":34}},"1":{"start":{"line":2,"column":15},"end":{"line":2,"column":31}},"2":{"start":{"line":5,"column":20},"end":{"line":10,"column":1}},"3":{"start":{"line":13,"column":29},"end":{"line":26,"column":1}},"4":{"start":{"line":14,"column":17},"end":{"line":14,"column":19}},"5":{"start":{"line":15,"column":2},"end":{"line":17,"column":3}},"6":{"start":{"line":16,"column":4},"end":{"line":16,"column":47}},"7":{"start":{"line":18,"column":2},"end":{"line":20,"column":3}},"8":{"start":{"line":19,"column":4},"end":{"line":19,"column":44}},"9":{"start":{"line":22,"column":2},"end":{"line":24,"column":3}},"10":{"start":{"line":23,"column":4},"end":{"line":23,"column":69}},"11":{"start":{"line":25,"column":2},"end":{"line":25,"column":16}},"12":{"start":{"line":29,"column":0},"end":{"line":31,"column":3}},"13":{"start":{"line":30,"column":2},"end":{"line":30,"column":30}},"14":{"start":{"line":34,"column":0},"end":{"line":52,"column":3}},"15":{"start":{"line":35,"column":26},"end":{"line":35,"column":34}},"16":{"start":{"line":37,"column":2},"end":{"line":39,"column":3}},"17":{"start":{"line":38,"column":4},"end":{"line":38,"column":33}},"18":{"start":{"line":40,"column":17},"end":{"line":40,"column":54}},"19":{"start":{"line":41,"column":2},"end":{"line":43,"column":3}},"20":{"start":{"line":42,"column":4},"end":{"line":42,"column":44}},"21":{"start":{"line":44,"column":2},"end":{"line":46,"column":8}},"22":{"start":{"line":47,"column":2},"end":{"line":47,"column":38}},"23":{"start":{"line":48,"column":2},"end":{"line":51,"column":5}},"24":{"start":{"line":55,"column":0},"end":{"line":61,"column":3}},"25":{"start":{"line":56,"column":2},"end":{"line":56,"column":65}},"26":{"start":{"line":56,"column":42},"end":{"line":56,"column":62}},"27":{"start":{"line":57,"column":2},"end":{"line":60,"column":5}},"28":{"start":{"line":64,"column":0},"end":{"line":64,"column":24}}},"fnMap":{"0":{"name":"(anonymous_0)","decl":{"start":{"line":13,"column":29},"end":{"line":13,"column":30}},"loc":{"start":{"line":13,"column":47},"end":{"line":26,"column":1}},"line":13},"1":{"name":"(anonymous_1)","decl":{"start":{"line":29,"column":16},"end":{"line":29,"column":17}},"loc":{"start":{"line":29,"column":30},"end":{"line":31,"column":1}},"line":29},"2":{"name":"(anonymous_2)","decl":{"start":{"line":34,"column":17},"end":{"line":34,"column":18}},"loc":{"start":{"line":34,"column":31},"end":{"line":52,"column":1}},"line":34},"3":{"name":"(anonymous_3)","decl":{"start":{"line":55,"column":29},"end":{"line":55,"column":30}},"loc":{"start":{"line":55,"column":43},"end":{"line":61,"column":1}},"line":55},"4":{"name":"(anonymous_4)","decl":{"start":{"line":56,"column":36},"end":{"line":56,"column":37}},"loc":{"start":{"line":56,"column":42},"end":{"line":56,"column":62}},"line":56}},"branchMap":{"0":{"loc":{"start":{"line":15,"column":2},"end":{"line":17,"column":3}},"type":"if","locations":[{"start":{"line":15,"column":2},"end":{"line":17,"column":3}},{"start":{},"end":{}}],"line":15},"1":{"loc":{"start":{"line":15,"column":6},"end":{"line":15,"column":109}},"type":"binary-expr","locations":[{"start":{"line":15,"column":6},"end":{"line":15,"column":27}},{"start":{"line":15,"column":31},"end":{"line":15,"column":71}},{"start":{"line":15,"column":75},"end":{"line":15,"column":109}}],"line":15},"2":{"loc":{"start":{"line":18,"column":2},"end":{"line":20,"column":3}},"type":"if","locations":[{"start":{"line":18,"column":2},"end":{"line":20,"column":3}},{"start":{},"end":{}}],"line":18},"3":{"loc":{"start":{"line":18,"column":6},"end":{"line":18,"column":64}},"type":"binary-expr","locations":[{"start":{"line":18,"column":6},"end":{"line":18,"column":24}},{"start":{"line":18,"column":28},"end":{"line":18,"column":64}}],"line":18},"4":{"loc":{"start":{"line":22,"column":2},"end":{"line":24,"column":3}},"type":"if","locations":[{"start":{"line":22,"column":2},"end":{"line":24,"column":3}},{"start":{},"end":{}}],"line":22},"5":{"loc":{"start":{"line":37,"column":2},"end":{"line":39,"column":3}},"type":"if","locations":[{"start":{"line":37,"column":2},"end":{"line":39,"column":3}},{"start":{},"end":{}}],"line":37},"6":{"loc":{"start":{"line":41,"column":2},"end":{"line":43,"column":3}},"type":"if","locations":[{"start":{"line":41,"column":2},"end":{"line":43,"column":3}},{"start":{},"end":{}}],"line":41},"7":{"loc":{"start":{"line":44,"column":23},"end":{"line":46,"column":7}},"type":"cond-expr","locations":[{"start":{"line":45,"column":6},"end":{"line":45,"column":52}},{"start":{"line":46,"column":6},"end":{"line":46,"column":7}}],"line":44}},"s":{"0":5,"1":5,"2":5,"3":5,"4":3,"5":3,"6":1,"7":3,"8":1,"9":3,"10":0,"11":3,"12":5,"13":1,"14":5,"15":3,"16":3,"17":2,"18":3,"19":3,"20":1,"21":2,"22":2,"23":2,"24":5,"25":1,"26":4,"27":1,"28":5},"f":{"0":3,"1":1,"2":3,"3":1,"4":4},"b":{"0":[1,2],"1":[3,2,2],"2":[1,2],"3":[3,2],"4":[0,3],"5":[2,1],"6":[1,2],"7":[2,0]},"_coverageSchema":"1a1c01bbd47fc00a2c39e90264f33305004495a9","hash":"3bb55cc8555715300b48c6a9c67b00c8ca3b98f2"}
,"C:\\Users\\mk8pl\\Documents\\GitHub\\volunteering_web_app\\backend\\src\\components\\Routes\\Profile.js": {"path":"C:\\Users\\mk8pl\\Documents\\GitHub\\volunteering_web_app\\backend\\src\\components\\Routes\\Profile.js","statementMap":{"0":{"start":{"line":1,"column":16},"end":{"line":1,"column":34}},"1":{"start":{"line":2,"column":15},"end":{"line":2,"column":31}},"2":{"start":{"line":3,"column":20},"end":{"line":3,"column":52}},"3":{"start":{"line":6,"column":0},"end":{"line":16,"column":3}},"4":{"start":{"line":7,"column":2},"end":{"line":15,"column":3}},"5":{"start":{"line":8,"column":20},"end":{"line":8,"column":74}},"6":{"start":{"line":9,"column":4},"end":{"line":9,"column":76}},"7":{"start":{"line":9,"column":18},"end":{"line":9,"column":76}},"8":{"start":{"line":10,"column":4},"end":{"line":10,"column":22}},"9":{"start":{"line":12,"column":4},"end":{"line":12,"column":92}},"10":{"start":{"line":12,"column":34},"end":{"line":12,"column":92}},"11":{"start":{"line":13,"column":4},"end":{"line":13,"column":23}},"12":{"start":{"line":14,"column":4},"end":{"line":14,"column":75}},"13":{"start":{"line":19,"column":0},"end":{"line":35,"column":3}},"14":{"start":{"line":20,"column":106},"end":{"line":20,"column":114}},"15":{"start":{"line":21,"column":2},"end":{"line":23,"column":3}},"16":{"start":{"line":22,"column":4},"end":{"line":22,"column":68}},"17":{"start":{"line":24,"column":2},"end":{"line":34,"column":3}},"18":{"start":{"line":25,"column":4},"end":{"line":27,"column":5}},"19":{"start":{"line":26,"column":6},"end":{"line":26,"column":83}},"20":{"start":{"line":28,"column":23},"end":{"line":28,"column":170}},"21":{"start":{"line":29,"column":4},"end":{"line":29,"column":28}},"22":{"start":{"line":30,"column":4},"end":{"line":30,"column":87}},"23":{"start":{"line":32,"column":4},"end":{"line":32,"column":23}},"24":{"start":{"line":33,"column":4},"end":{"line":33,"column":73}},"25":{"start":{"line":38,"column":0},"end":{"line":72,"column":5}},"26":{"start":{"line":39,"column":102},"end":{"line":39,"column":110}},"27":{"start":{"line":42,"column":4},"end":{"line":44,"column":5}},"28":{"start":{"line":43,"column":6},"end":{"line":43,"column":70}},"29":{"start":{"line":46,"column":4},"end":{"line":71,"column":5}},"30":{"start":{"line":47,"column":25},"end":{"line":57,"column":7}},"31":{"start":{"line":59,"column":29},"end":{"line":63,"column":7}},"32":{"start":{"line":65,"column":6},"end":{"line":65,"column":85}},"33":{"start":{"line":65,"column":27},"end":{"line":65,"column":85}},"34":{"start":{"line":66,"column":6},"end":{"line":66,"column":81}},"35":{"start":{"line":68,"column":6},"end":{"line":68,"column":94}},"36":{"start":{"line":68,"column":36},"end":{"line":68,"column":94}},"37":{"start":{"line":69,"column":6},"end":{"line":69,"column":25}},"38":{"start":{"line":70,"column":6},"end":{"line":70,"column":75}},"39":{"start":{"line":76,"column":0},"end":{"line":86,"column":3}},"40":{"start":{"line":77,"column":2},"end":{"line":85,"column":3}},"41":{"start":{"line":78,"column":27},"end":{"line":78,"column":90}},"42":{"start":{"line":79,"column":4},"end":{"line":79,"column":83}},"43":{"start":{"line":79,"column":25},"end":{"line":79,"column":83}},"44":{"start":{"line":80,"column":4},"end":{"line":80,"column":54}},"45":{"start":{"line":82,"column":4},"end":{"line":82,"column":92}},"46":{"start":{"line":82,"column":34},"end":{"line":82,"column":92}},"47":{"start":{"line":83,"column":4},"end":{"line":83,"column":23}},"48":{"start":{"line":84,"column":4},"end":{"line":84,"column":73}},"49":{"start":{"line":88,"column":0},"end":{"line":88,"column":24}}},"fnMap":{"0":{"name":"(anonymous_0)","decl":{"start":{"line":6,"column":23},"end":{"line":6,"column":24}},"loc":{"start":{"line":6,"column":43},"end":{"line":16,"column":1}},"line":6},"1":{"name":"(anonymous_1)","decl":{"start":{"line":19,"column":17},"end":{"line":19,"column":18}},"loc":{"start":{"line":19,"column":37},"end":{"line":35,"column":1}},"line":19},"2":{"name":"(anonymous_2)","decl":{"start":{"line":38,"column":23},"end":{"line":38,"column":24}},"loc":{"start":{"line":38,"column":43},"end":{"line":72,"column":3}},"line":38},"3":{"name":"(anonymous_3)","decl":{"start":{"line":76,"column":26},"end":{"line":76,"column":27}},"loc":{"start":{"line":76,"column":46},"end":{"line":86,"column":1}},"line":76}},"branchMap":{"0":{"loc":{"start":{"line":9,"column":4},"end":{"line":9,"column":76}},"type":"if","locations":[{"start":{"line":9,"column":4},"end":{"line":9,"column":76}},{"start":{},"end":{}}],"line":9},"1":{"loc":{"start":{"line":12,"column":4},"end":{"line":12,"column":92}},"type":"if","locations":[{"start":{"line":12,"column":4},"end":{"line":12,"column":92}},{"start":{},"end":{}}],"line":12},"2":{"loc":{"start":{"line":21,"column":2},"end":{"line":23,"column":3}},"type":"if","locations":[{"start":{"line":21,"column":2},"end":{"line":23,"column":3}},{"start":{},"end":{}}],"line":21},"3":{"loc":{"start":{"line":21,"column":6},"end":{"line":21,"column":96}},"type":"binary-expr","locations":[{"start":{"line":21,"column":6},"end":{"line":21,"column":11}},{"start":{"line":21,"column":15},"end":{"line":21,"column":24}},{"start":{"line":21,"column":28},"end":{"line":21,"column":37}},{"start":{"line":21,"column":41},"end":{"line":21,"column":46}},{"start":{"line":21,"column":50},"end":{"line":21,"column":56}},{"start":{"line":21,"column":60},"end":{"line":21,"column":68}},{"start":{"line":21,"column":72},"end":{"line":21,"column":79}},{"start":{"line":21,"column":83},"end":{"line":21,"column":96}}],"line":21},"4":{"loc":{"start":{"line":25,"column":4},"end":{"line":27,"column":5}},"type":"if","locations":[{"start":{"line":25,"column":4},"end":{"line":27,"column":5}},{"start":{},"end":{}}],"line":25},"5":{"loc":{"start":{"line":28,"column":77},"end":{"line":28,"column":91}},"type":"binary-expr","locations":[{"start":{"line":28,"column":77},"end":{"line":28,"column":85}},{"start":{"line":28,"column":89},"end":{"line":28,"column":91}}],"line":28},"6":{"loc":{"start":{"line":28,"column":136},"end":{"line":28,"column":153}},"type":"binary-expr","locations":[{"start":{"line":28,"column":136},"end":{"line":28,"column":147}},{"start":{"line":28,"column":151},"end":{"line":28,"column":153}}],"line":28},"7":{"loc":{"start":{"line":42,"column":4},"end":{"line":44,"column":5}},"type":"if","locations":[{"start":{"line":42,"column":4},"end":{"line":44,"column":5}},{"start":{},"end":{}}],"line":42},"8":{"loc":{"start":{"line":42,"column":8},"end":{"line":42,"column":61}},"type":"binary-expr","locations":[{"start":{"line":42,"column":8},"end":{"line":42,"column":17}},{"start":{"line":42,"column":21},"end":{"line":42,"column":30}},{"start":{"line":42,"column":34},"end":{"line":42,"column":39}},{"start":{"line":42,"column":43},"end":{"line":42,"column":49}},{"start":{"line":42,"column":53},"end":{"line":42,"column":61}}],"line":42},"9":{"loc":{"start":{"line":50,"column":18},"end":{"line":50,"column":32}},"type":"binary-expr","locations":[{"start":{"line":50,"column":18},"end":{"line":50,"column":26}},{"start":{"line":50,"column":30},"end":{"line":50,"column":32}}],"line":50},"10":{"loc":{"start":{"line":54,"column":16},"end":{"line":54,"column":51}},"type":"cond-expr","locations":[{"start":{"line":54,"column":40},"end":{"line":54,"column":46}},{"start":{"line":54,"column":49},"end":{"line":54,"column":51}}],"line":54},"11":{"loc":{"start":{"line":55,"column":21},"end":{"line":55,"column":38}},"type":"binary-expr","locations":[{"start":{"line":55,"column":21},"end":{"line":55,"column":32}},{"start":{"line":55,"column":36},"end":{"line":55,"column":38}}],"line":55},"12":{"loc":{"start":{"line":56,"column":22},"end":{"line":56,"column":69}},"type":"cond-expr","locations":[{"start":{"line":56,"column":52},"end":{"line":56,"column":64}},{"start":{"line":56,"column":67},"end":{"line":56,"column":69}}],"line":56},"13":{"loc":{"start":{"line":65,"column":6},"end":{"line":65,"column":85}},"type":"if","locations":[{"start":{"line":65,"column":6},"end":{"line":65,"column":85}},{"start":{},"end":{}}],"line":65},"14":{"loc":{"start":{"line":68,"column":6},"end":{"line":68,"column":94}},"type":"if","locations":[{"start":{"line":68,"column":6},"end":{"line":68,"column":94}},{"start":{},"end":{}}],"line":68},"15":{"loc":{"start":{"line":79,"column":4},"end":{"line":79,"column":83}},"type":"if","locations":[{"start":{"line":79,"column":4},"end":{"line":79,"column":83}},{"start":{},"end":{}}],"line":79},"16":{"loc":{"start":{"line":82,"column":4},"end":{"line":82,"column":92}},"type":"if","locations":[{"start":{"line":82,"column":4},"end":{"line":82,"column":92}},{"start":{},"end":{}}],"line":82}},"s":{"0":1,"1":1,"2":1,"3":1,"4":3,"5":3,"6":2,"7":1,"8":1,"9":1,"10":1,"11":0,"12":0,"13":1,"14":16,"15":16,"16":1,"17":15,"18":15,"19":1,"20":14,"21":14,"22":14,"23":0,"24":0,"25":1,"26":4,"27":4,"28":1,"29":3,"30":3,"31":3,"32":2,"33":1,"34":1,"35":1,"36":1,"37":0,"38":0,"39":1,"40":3,"41":3,"42":2,"43":1,"44":1,"45":1,"46":1,"47":0,"48":0,"49":1},"f":{"0":3,"1":16,"2":4,"3":3},"b":{"0":[1,1],"1":[1,0],"2":[1,15],"3":[16,16,16,15,15,15,15,15],"4":[1,14],"5":[14,1],"6":[14,1],"7":[1,3],"8":[4,4,3,3,3],"9":[3,3],"10":[3,0],"11":[3,3],"12":[3,0],"13":[1,1],"14":[1,0],"15":[1,1],"16":[1,0]},"_coverageSchema":"1a1c01bbd47fc00a2c39e90264f33305004495a9","hash":"a489cf3f8a550cd54c92b3b88710aad60ee98f94"}
,"C:\\Users\\mk8pl\\Documents\\GitHub\\volunteering_web_app\\backend\\src\\components\\Routes\\VolunteerHistory.js": {"path":"C:\\Users\\mk8pl\\Documents\\GitHub\\volunteering_web_app\\backend\\src\\components\\Routes\\VolunteerHistory.js","statementMap":{"0":{"start":{"line":2,"column":16},"end":{"line":2,"column":34}},"1":{"start":{"line":3,"column":15},"end":{"line":3,"column":31}},"2":{"start":{"line":6,"column":30},"end":{"line":17,"column":1}},"3":{"start":{"line":20,"column":23},"end":{"line":44,"column":1}},"4":{"start":{"line":21,"column":17},"end":{"line":21,"column":19}},"5":{"start":{"line":22,"column":2},"end":{"line":24,"column":3}},"6":{"start":{"line":23,"column":4},"end":{"line":23,"column":70}},"7":{"start":{"line":25,"column":2},"end":{"line":27,"column":3}},"8":{"start":{"line":26,"column":4},"end":{"line":26,"column":77}},"9":{"start":{"line":28,"column":2},"end":{"line":30,"column":3}},"10":{"start":{"line":29,"column":4},"end":{"line":29,"column":69}},"11":{"start":{"line":31,"column":2},"end":{"line":33,"column":3}},"12":{"start":{"line":32,"column":4},"end":{"line":32,"column":73}},"13":{"start":{"line":34,"column":2},"end":{"line":36,"column":3}},"14":{"start":{"line":35,"column":4},"end":{"line":35,"column":84}},"15":{"start":{"line":37,"column":2},"end":{"line":39,"column":3}},"16":{"start":{"line":38,"column":4},"end":{"line":38,"column":49}},"17":{"start":{"line":40,"column":2},"end":{"line":42,"column":3}},"18":{"start":{"line":41,"column":4},"end":{"line":41,"column":59}},"19":{"start":{"line":43,"column":2},"end":{"line":43,"column":16}},"20":{"start":{"line":47,"column":0},"end":{"line":49,"column":3}},"21":{"start":{"line":48,"column":2},"end":{"line":48,"column":49}},"22":{"start":{"line":52,"column":0},"end":{"line":66,"column":3}},"23":{"start":{"line":53,"column":20},"end":{"line":53,"column":28}},"24":{"start":{"line":54,"column":17},"end":{"line":54,"column":42}},"25":{"start":{"line":55,"column":2},"end":{"line":57,"column":3}},"26":{"start":{"line":56,"column":4},"end":{"line":56,"column":44}},"27":{"start":{"line":58,"column":2},"end":{"line":60,"column":8}},"28":{"start":{"line":61,"column":2},"end":{"line":61,"column":42}},"29":{"start":{"line":62,"column":2},"end":{"line":65,"column":5}},"30":{"start":{"line":68,"column":0},"end":{"line":68,"column":24}}},"fnMap":{"0":{"name":"(anonymous_0)","decl":{"start":{"line":20,"column":23},"end":{"line":20,"column":24}},"loc":{"start":{"line":20,"column":35},"end":{"line":44,"column":1}},"line":20},"1":{"name":"(anonymous_1)","decl":{"start":{"line":47,"column":16},"end":{"line":47,"column":17}},"loc":{"start":{"line":47,"column":30},"end":{"line":49,"column":1}},"line":47},"2":{"name":"(anonymous_2)","decl":{"start":{"line":52,"column":17},"end":{"line":52,"column":18}},"loc":{"start":{"line":52,"column":31},"end":{"line":66,"column":1}},"line":52}},"branchMap":{"0":{"loc":{"start":{"line":22,"column":2},"end":{"line":24,"column":3}},"type":"if","locations":[{"start":{"line":22,"column":2},"end":{"line":24,"column":3}},{"start":{},"end":{}}],"line":22},"1":{"loc":{"start":{"line":22,"column":6},"end":{"line":22,"column":96}},"type":"binary-expr","locations":[{"start":{"line":22,"column":6},"end":{"line":22,"column":23}},{"start":{"line":22,"column":27},"end":{"line":22,"column":63}},{"start":{"line":22,"column":67},"end":{"line":22,"column":96}}],"line":22},"2":{"loc":{"start":{"line":25,"column":2},"end":{"line":27,"column":3}},"type":"if","locations":[{"start":{"line":25,"column":2},"end":{"line":27,"column":3}},{"start":{},"end":{}}],"line":25},"3":{"loc":{"start":{"line":25,"column":6},"end":{"line":25,"column":117}},"type":"binary-expr","locations":[{"start":{"line":25,"column":6},"end":{"line":25,"column":30}},{"start":{"line":25,"column":34},"end":{"line":25,"column":77}},{"start":{"line":25,"column":81},"end":{"line":25,"column":117}}],"line":25},"4":{"loc":{"start":{"line":28,"column":2},"end":{"line":30,"column":3}},"type":"if","locations":[{"start":{"line":28,"column":2},"end":{"line":30,"column":3}},{"start":{},"end":{}}],"line":28},"5":{"loc":{"start":{"line":28,"column":6},"end":{"line":28,"column":93}},"type":"binary-expr","locations":[{"start":{"line":28,"column":6},"end":{"line":28,"column":22}},{"start":{"line":28,"column":26},"end":{"line":28,"column":61}},{"start":{"line":28,"column":65},"end":{"line":28,"column":93}}],"line":28},"6":{"loc":{"start":{"line":31,"column":2},"end":{"line":33,"column":3}},"type":"if","locations":[{"start":{"line":31,"column":2},"end":{"line":33,"column":3}},{"start":{},"end":{}}],"line":31},"7":{"loc":{"start":{"line":31,"column":6},"end":{"line":31,"column":69}},"type":"binary-expr","locations":[{"start":{"line":31,"column":6},"end":{"line":31,"column":28}},{"start":{"line":31,"column":32},"end":{"line":31,"column":69}}],"line":31},"8":{"loc":{"start":{"line":34,"column":2},"end":{"line":36,"column":3}},"type":"if","locations":[{"start":{"line":34,"column":2},"end":{"line":36,"column":3}},{"start":{},"end":{}}],"line":34},"9":{"loc":{"start":{"line":34,"column":6},"end":{"line":34,"column":76}},"type":"binary-expr","locations":[{"start":{"line":34,"column":6},"end":{"line":34,"column":21}},{"start":{"line":34,"column":25},"end":{"line":34,"column":76}}],"line":34},"10":{"loc":{"start":{"line":37,"column":2},"end":{"line":39,"column":3}},"type":"if","locations":[{"start":{"line":37,"column":2},"end":{"line":39,"column":3}},{"start":{},"end":{}}],"line":37},"11":{"loc":{"start":{"line":37,"column":6},"end":{"line":37,"column":62}},"type":"binary-expr","locations":[{"start":{"line":37,"column":6},"end":{"line":37,"column":23}},{"start":{"line":37,"column":27},"end":{"line":37,"column":62}}],"line":37},"12":{"loc":{"start":{"line":40,"column":2},"end":{"line":42,"column":3}},"type":"if","locations":[{"start":{"line":40,"column":2},"end":{"line":42,"column":3}},{"start":{},"end":{}}],"line":40},"13":{"loc":{"start":{"line":40,"column":6},"end":{"line":40,"column":83}},"type":"binary-expr","locations":[{"start":{"line":40,"column":6},"end":{"line":40,"column":33}},{"start":{"line":40,"column":37},"end":{"line":40,"column":83}}],"line":40},"14":{"loc":{"start":{"line":55,"column":2},"end":{"line":57,"column":3}},"type":"if","locations":[{"start":{"line":55,"column":2},"end":{"line":57,"column":3}},{"start":{},"end":{}}],"line":55},"15":{"loc":{"start":{"line":58,"column":17},"end":{"line":60,"column":7}},"type":"cond-expr","locations":[{"start":{"line":59,"column":6},"end":{"line":59,"column":72}},{"start":{"line":60,"column":6},"end":{"line":60,"column":7}}],"line":58}},"s":{"0":3,"1":3,"2":3,"3":3,"4":2,"5":2,"6":1,"7":2,"8":1,"9":2,"10":0,"11":2,"12":1,"13":2,"14":1,"15":2,"16":1,"17":2,"18":1,"19":2,"20":3,"21":1,"22":3,"23":2,"24":2,"25":2,"26":1,"27":1,"28":1,"29":1,"30":3},"f":{"0":2,"1":1,"2":2},"b":{"0":[1,1],"1":[2,1,1],"2":[1,1],"3":[2,2,2],"4":[0,2],"5":[2,2,2],"6":[1,1],"7":[2,2],"8":[1,1],"9":[2,2],"10":[1,1],"11":[2,2],"12":[1,1],"13":[2,1],"14":[1,1],"15":[1,0]},"_coverageSchema":"1a1c01bbd47fc00a2c39e90264f33305004495a9","hash":"32c09f42dd007f931726e5a42510aa932fb42e6f"}
,"C:\\Users\\mk8pl\\Documents\\GitHub\\volunteering_web_app\\backend\\src\\components\\Routes\\VolunteerMatching.js": {"path":"C:\\Users\\mk8pl\\Documents\\GitHub\\volunteering_web_app\\backend\\src\\components\\Routes\\VolunteerMatching.js","statementMap":{"0":{"start":{"line":1,"column":16},"end":{"line":1,"column":34}},"1":{"start":{"line":2,"column":15},"end":{"line":2,"column":31}},"2":{"start":{"line":5,"column":23},"end":{"line":9,"column":1}},"3":{"start":{"line":13,"column":0},"end":{"line":15,"column":3}},"4":{"start":{"line":14,"column":2},"end":{"line":14,"column":42}},"5":{"start":{"line":19,"column":0},"end":{"line":28,"column":3}},"6":{"start":{"line":21,"column":19},"end":{"line":21,"column":27}},"7":{"start":{"line":23,"column":2},"end":{"line":25,"column":8}},"8":{"start":{"line":26,"column":2},"end":{"line":26,"column":34}},"9":{"start":{"line":27,"column":2},"end":{"line":27,"column":88}},"10":{"start":{"line":30,"column":0},"end":{"line":30,"column":24}}},"fnMap":{"0":{"name":"(anonymous_0)","decl":{"start":{"line":13,"column":16},"end":{"line":13,"column":17}},"loc":{"start":{"line":13,"column":30},"end":{"line":15,"column":1}},"line":13},"1":{"name":"(anonymous_1)","decl":{"start":{"line":19,"column":17},"end":{"line":19,"column":18}},"loc":{"start":{"line":19,"column":31},"end":{"line":28,"column":1}},"line":19}},"branchMap":{"0":{"loc":{"start":{"line":23,"column":16},"end":{"line":25,"column":7}},"type":"cond-expr","locations":[{"start":{"line":24,"column":6},"end":{"line":24,"column":58}},{"start":{"line":25,"column":6},"end":{"line":25,"column":7}}],"line":23}},"s":{"0":1,"1":1,"2":1,"3":1,"4":1,"5":1,"6":1,"7":1,"8":1,"9":1,"10":1},"f":{"0":1,"1":1},"b":{"0":[1,0]},"_coverageSchema":"1a1c01bbd47fc00a2c39e90264f33305004495a9","hash":"9bcd2b44a50b79c872c945259a0bee64b5040fda"}
}
