{"/Users/minhnguyen/Documents/UH/volunteering_web_app/backend/src/components/Routes/VolunteerMatching.js": {"path":"/Users/minhnguyen/Documents/UH/volunteering_web_app/backend/src/components/Routes/VolunteerMatching.js","statementMap":{"0":{"start":{"line":18,"column":16},"end":{"line":18,"column":34}},"1":{"start":{"line":19,"column":15},"end":{"line":19,"column":31}},"2":{"start":{"line":22,"column":0},"end":{"line":29,"column":3}},"3":{"start":{"line":23,"column":23},"end":{"line":27,"column":3}},"4":{"start":{"line":28,"column":2},"end":{"line":28,"column":38}},"5":{"start":{"line":31,"column":0},"end":{"line":31,"column":24}}},"fnMap":{"0":{"name":"(anonymous_0)","decl":{"start":{"line":22,"column":24},"end":{"line":22,"column":25}},"loc":{"start":{"line":22,"column":38},"end":{"line":29,"column":1}},"line":22}},"branchMap":{},"s":{"0":1,"1":1,"2":1,"3":1,"4":1,"5":1},"f":{"0":1},"b":{},"_coverageSchema":"1a1c01bbd47fc00a2c39e90264f33305004495a9","hash":"89325a6604ea395cfad1df65f1e74f87a21cc1f1"}
}
