TN:
SF:src\components\Models\EventDetails.js
FNF:0
FNH:0
DA:2,1
DA:4,1
DA:36,1
LF:3
LH:3
BRF:0
BRH:0
end_of_record
TN:
SF:src\components\Models\UserCredentials.js
FNF:0
FNH:0
DA:2,1
DA:4,1
DA:19,1
LF:3
LH:3
BRF:0
BRH:0
end_of_record
TN:
SF:src\components\Models\UserProfile.js
FN:46,(anonymous_0)
FN:57,(anonymous_1)
FNF:2
FNH:2
FNDA:16,(anonymous_0)
FNDA:16,(anonymous_1)
DA:2,1
DA:4,1
DA:47,16
DA:58,16
DA:65,1
LF:5
LH:5
BRDA:47,0,0,16
BRDA:47,0,1,16
BRDA:58,1,0,16
BRDA:58,1,1,16
BRF:4
BRH:4
end_of_record
TN:
SF:src\components\Routes\Auth.js
FN:7,(anonymous_0)
FN:24,(anonymous_1)
FNF:2
FNH:2
FNDA:9,(anonymous_0)
FNDA:3,(anonymous_1)
DA:1,1
DA:2,1
DA:3,1
DA:4,1
DA:7,1
DA:8,9
DA:9,9
DA:10,7
DA:12,6
DA:13,6
DA:14,6
DA:15,5
DA:17,1
DA:18,0
DA:19,0
DA:24,1
DA:25,3
DA:26,3
DA:28,2
DA:29,2
DA:30,2
DA:31,1
DA:33,1
DA:38,0
DA:39,0
DA:43,1
LF:26
LH:22
BRDA:9,0,0,2
BRDA:9,0,1,7
BRDA:9,1,0,9
BRDA:9,1,1,8
BRDA:10,2,0,1
BRDA:10,2,1,6
BRDA:17,3,0,1
BRDA:17,3,1,0
BRDA:26,4,0,1
BRDA:26,4,1,2
BRDA:26,5,0,3
BRDA:26,5,1,3
BRDA:30,6,0,1
BRDA:30,6,1,1
BRDA:30,7,0,2
BRDA:30,7,1,2
BRF:16
BRH:15
end_of_record
TN:
SF:src\components\Routes\Event.js
FN:6,(anonymous_0)
FN:28,(anonymous_1)
FN:53,(anonymous_2)
FN:64,(anonymous_3)
FN:83,(anonymous_4)
FN:111,(anonymous_5)
FNF:6
FNH:6
FNDA:14,(anonymous_0)
FNDA:10,(anonymous_1)
FNDA:3,(anonymous_2)
FNDA:4,(anonymous_3)
FNDA:4,(anonymous_4)
FNDA:3,(anonymous_5)
DA:1,1
DA:2,1
DA:3,1
DA:6,1
DA:7,14
DA:8,0
DA:10,14
DA:18,1
DA:21,13
DA:22,1
DA:24,12
DA:28,1
DA:29,10
DA:30,10
DA:31,10
DA:32,1
DA:35,9
DA:36,9
DA:44,9
DA:45,8
DA:47,1
DA:48,1
DA:53,1
DA:54,3
DA:55,3
DA:56,2
DA:58,1
DA:59,1
DA:64,1
DA:65,4
DA:66,4
DA:67,4
DA:68,2
DA:69,1
DA:71,1
DA:74,2
DA:75,1
DA:77,1
DA:78,1
DA:83,1
DA:84,4
DA:85,4
DA:86,4
DA:87,4
DA:88,1
DA:91,3
DA:92,3
DA:97,2
DA:98,1
DA:100,1
DA:102,1
DA:103,0
DA:105,1
DA:106,1
DA:111,1
DA:112,3
DA:113,3
DA:114,3
DA:115,2
DA:116,1
DA:118,1
DA:120,1
DA:121,0
DA:123,1
DA:124,1
DA:128,1
LF:66
LH:63
BRDA:7,0,0,0
BRDA:7,0,1,14
BRDA:7,1,0,14
BRDA:7,1,1,14
BRDA:7,1,2,14
BRDA:7,1,3,14
BRDA:7,1,4,14
BRDA:7,1,5,14
BRDA:10,2,0,1
BRDA:10,2,1,13
BRDA:11,3,0,14
BRDA:11,3,1,14
BRDA:11,3,2,14
BRDA:11,3,3,14
BRDA:11,3,4,13
BRDA:11,3,5,13
BRDA:21,4,0,1
BRDA:21,4,1,12
BRDA:31,5,0,1
BRDA:31,5,1,9
BRDA:68,6,0,1
BRDA:68,6,1,1
BRDA:74,7,0,1
BRDA:74,7,1,1
BRDA:74,8,0,2
BRDA:74,8,1,1
BRDA:87,9,0,1
BRDA:87,9,1,3
BRDA:97,10,0,1
BRDA:97,10,1,1
BRDA:102,11,0,0
BRDA:102,11,1,1
BRDA:102,12,0,1
BRDA:102,12,1,0
BRDA:115,13,0,1
BRDA:115,13,1,1
BRDA:120,14,0,0
BRDA:120,14,1,1
BRDA:120,15,0,1
BRDA:120,15,1,0
BRF:40
BRH:35
end_of_record
TN:
SF:src\components\Routes\Notifications.js
FN:13,(anonymous_0)
FN:29,(anonymous_1)
FN:34,(anonymous_2)
FN:55,(anonymous_3)
FN:56,(anonymous_4)
FNF:5
FNH:5
FNDA:3,(anonymous_0)
FNDA:1,(anonymous_1)
FNDA:3,(anonymous_2)
FNDA:1,(anonymous_3)
FNDA:4,(anonymous_4)
DA:1,5
DA:2,5
DA:5,5
DA:13,5
DA:14,3
DA:15,3
DA:16,1
DA:18,3
DA:19,1
DA:22,3
DA:23,0
DA:25,3
DA:29,5
DA:30,1
DA:34,5
DA:35,3
DA:37,3
DA:38,2
DA:40,3
DA:41,3
DA:42,1
DA:44,2
DA:47,2
DA:48,2
DA:55,5
DA:56,4
DA:57,1
DA:64,5
LF:28
LH:27
BRDA:15,0,0,1
BRDA:15,0,1,2
BRDA:15,1,0,3
BRDA:15,1,1,2
BRDA:15,1,2,2
BRDA:18,2,0,1
BRDA:18,2,1,2
BRDA:18,3,0,3
BRDA:18,3,1,2
BRDA:22,4,0,0
BRDA:22,4,1,3
BRDA:37,5,0,2
BRDA:37,5,1,1
BRDA:41,6,0,1
BRDA:41,6,1,2
BRDA:44,7,0,2
BRDA:44,7,1,0
BRF:17
BRH:15
end_of_record
TN:
SF:src\components\Routes\Profile.js
FN:6,(anonymous_0)
FN:19,(anonymous_1)
FN:38,(anonymous_2)
FN:76,(anonymous_3)
FNF:4
FNH:4
FNDA:3,(anonymous_0)
FNDA:16,(anonymous_1)
FNDA:4,(anonymous_2)
FNDA:3,(anonymous_3)
DA:1,1
DA:2,1
DA:3,1
DA:6,1
DA:7,3
DA:8,3
DA:9,2
DA:10,1
DA:12,1
DA:13,0
DA:14,0
DA:19,1
DA:20,16
DA:21,16
DA:22,1
DA:24,15
DA:25,15
DA:26,1
DA:28,14
DA:29,14
DA:30,14
DA:32,0
DA:33,0
DA:38,1
DA:39,4
DA:42,4
DA:43,1
DA:46,3
DA:47,3
DA:59,3
DA:65,2
DA:66,1
DA:68,1
DA:69,0
DA:70,0
DA:76,1
DA:77,3
DA:78,3
DA:79,2
DA:80,1
DA:82,1
DA:83,0
DA:84,0
DA:88,1
LF:44
LH:36
BRDA:9,0,0,1
BRDA:9,0,1,1
BRDA:12,1,0,1
BRDA:12,1,1,0
BRDA:21,2,0,1
BRDA:21,2,1,15
BRDA:21,3,0,16
BRDA:21,3,1,16
BRDA:21,3,2,16
BRDA:21,3,3,15
BRDA:21,3,4,15
BRDA:21,3,5,15
BRDA:21,3,6,15
BRDA:21,3,7,15
BRDA:25,4,0,1
BRDA:25,4,1,14
BRDA:28,5,0,14
BRDA:28,5,1,1
BRDA:28,6,0,14
BRDA:28,6,1,1
BRDA:42,7,0,1
BRDA:42,7,1,3
BRDA:42,8,0,4
BRDA:42,8,1,4
BRDA:42,8,2,3
BRDA:42,8,3,3
BRDA:42,8,4,3
BRDA:50,9,0,3
BRDA:50,9,1,3
BRDA:54,10,0,3
BRDA:54,10,1,0
BRDA:55,11,0,3
BRDA:55,11,1,3
BRDA:56,12,0,3
BRDA:56,12,1,0
BRDA:65,13,0,1
BRDA:65,13,1,1
BRDA:68,14,0,1
BRDA:68,14,1,0
BRDA:79,15,0,1
BRDA:79,15,1,1
BRDA:82,16,0,1
BRDA:82,16,1,0
BRF:43
BRH:38
end_of_record
TN:
SF:src\components\Routes\VolunteerHistory.js
FN:20,(anonymous_0)
FN:47,(anonymous_1)
FN:52,(anonymous_2)
FNF:3
FNH:3
FNDA:2,(anonymous_0)
FNDA:1,(anonymous_1)
FNDA:2,(anonymous_2)
DA:2,3
DA:3,3
DA:6,3
DA:20,3
DA:21,2
DA:22,2
DA:23,1
DA:25,2
DA:26,1
DA:28,2
DA:29,0
DA:31,2
DA:32,1
DA:34,2
DA:35,1
DA:37,2
DA:38,1
DA:40,2
DA:41,1
DA:43,2
DA:47,3
DA:48,1
DA:52,3
DA:53,2
DA:54,2
DA:55,2
DA:56,1
DA:58,1
DA:61,1
DA:62,1
DA:68,3
LF:31
LH:30
BRDA:22,0,0,1
BRDA:22,0,1,1
BRDA:22,1,0,2
BRDA:22,1,1,1
BRDA:22,1,2,1
BRDA:25,2,0,1
BRDA:25,2,1,1
BRDA:25,3,0,2
BRDA:25,3,1,2
BRDA:25,3,2,2
BRDA:28,4,0,0
BRDA:28,4,1,2
BRDA:28,5,0,2
BRDA:28,5,1,2
BRDA:28,5,2,2
BRDA:31,6,0,1
BRDA:31,6,1,1
BRDA:31,7,0,2
BRDA:31,7,1,2
BRDA:34,8,0,1
BRDA:34,8,1,1
BRDA:34,9,0,2
BRDA:34,9,1,2
BRDA:37,10,0,1
BRDA:37,10,1,1
BRDA:37,11,0,2
BRDA:37,11,1,2
BRDA:40,12,0,1
BRDA:40,12,1,1
BRDA:40,13,0,2
BRDA:40,13,1,1
BRDA:55,14,0,1
BRDA:55,14,1,1
BRDA:58,15,0,1
BRDA:58,15,1,0
BRF:35
BRH:33
end_of_record
TN:
SF:src\components\Routes\VolunteerMatching.js
FN:13,(anonymous_0)
FN:19,(anonymous_1)
FNF:2
FNH:2
FNDA:1,(anonymous_0)
FNDA:1,(anonymous_1)
DA:1,1
DA:2,1
DA:5,1
DA:13,1
DA:14,1
DA:19,1
DA:21,1
DA:23,1
DA:26,1
DA:27,1
DA:30,1
LF:11
LH:11
BRDA:23,0,0,1
BRDA:23,0,1,0
BRF:2
BRH:1
end_of_record
